<?xml version="1.0" encoding="UTF-8"?>
<!-- Generated by org.testng.reporters.JUnitReportReporter -->
<testsuite hostname="SOURABH" failures="0" tests="1" name="mobilrtesting.hybrid01" time="51.757" errors="0" timestamp="2023-01-19T18:04:13 IST" skipped="0">
  <testcase classname="mobilrtesting.hybrid01" name="test2" time="51.757"/>
  <system-out/>
</testsuite> <!-- mobilrtesting.hybrid01 -->
