<?xml version="1.0" encoding="UTF-8"?>
<!-- Generated by org.testng.reporters.JUnitReportReporter -->
<testsuite hostname="SOURABH" failures="0" tests="1" name="mobilrtesting.Banjararide" time="1.265" errors="0" timestamp="2023-02-01T15:16:43 IST" skipped="0">
  <testcase classname="mobilrtesting.Banjararide" name="Login" time="1.265"/>
  <system-out/>
</testsuite> <!-- mobilrtesting.Banjararide -->
