<?xml version="1.0" encoding="UTF-8"?>
<!-- Generated by org.testng.reporters.JUnitReportReporter -->
<testsuite hostname="SOURABH" failures="0" tests="1" name="mobilrtesting.khanAcademy" time="63.751" errors="0" timestamp="2023-01-22T00:43:14 IST" skipped="0">
  <testcase classname="mobilrtesting.khanAcademy" name="signup" time="63.751"/>
  <system-out/>
</testsuite> <!-- mobilrtesting.khanAcademy -->
