<?xml version="1.0" encoding="UTF-8"?>
<!-- Generated by org.testng.reporters.JUnitReportReporter -->
<testsuite hostname="SOURABH" failures="0" tests="1" name="mobilrtesting.DEMO" time="26.185" errors="0" timestamp="2023-01-17T13:39:48 IST" skipped="0">
  <testcase classname="mobilrtesting.DEMO" name="demo" time="26.185"/>
  <system-out/>
</testsuite> <!-- mobilrtesting.DEMO -->
