<?xml version="1.0" encoding="UTF-8"?>
<!-- Generated by org.testng.reporters.JUnitReportReporter -->
<testsuite hostname="SOURABH" failures="0" tests="1" name="mobilrtesting.calculator" time="23.099" errors="0" timestamp="2023-01-19T13:31:26 IST" skipped="0">
  <testcase classname="mobilrtesting.calculator" name="Check_1" time="23.099"/>
  <system-out/>
</testsuite> <!-- mobilrtesting.calculator -->
