<?xml version="1.0" encoding="UTF-8"?>
<!-- Generated by org.testng.reporters.JUnitReportReporter -->
<testsuite hostname="SOURABH" failures="0" tests="1" name="mobilrtesting.Native" time="16.547" errors="0" timestamp="2023-01-18T23:27:44 IST" skipped="0">
  <testcase classname="mobilrtesting.Native" name="Check_1" time="16.547"/>
  <system-out/>
</testsuite> <!-- mobilrtesting.Native -->
